Created by PLY version 3.11 (http://www.dabeaz.com/ply)

Unused terminals:

    ASSIGNEMENT
    DIVIDE
    ID
    LPAREN
    MINUS
    NUMBER
    RPAREN
    TIMES

Grammar

Rule 0     S' -> expression
Rule 1     expression -> expression PLUS term

Terminals, with rules where they appear

ASSIGNEMENT          : 
DIVIDE               : 
ID                   : 
LPAREN               : 
MINUS                : 
NUMBER               : 
PLUS                 : 1
RPAREN               : 
TIMES                : 
error                : 

Nonterminals, with rules where they appear

expression           : 1 0
term                 : 1

